%!Adobe-FontList 1.18
%Locale:0x409

%BeginFont
Handler:DirectoryHandler
FontType:Type1
FontName:CircularStd-Bold
FamilyName:Circular Std
StyleName:Bold
MenuName:Circular Std Bold
StyleBits:0
WeightClass:700
WidthClass:5
AngleClass:0
FullName:Circular Std Bold
WritingScript:Roman
OutlineFileName:\CircularStd-Bold.otf
DataFormat:sfntData
UsesStandardEncoding:yes
isCFF:yes
hasSVG:no
FileLength:74368
FileModTime:1365683840
NameArray:0,Mac,4,Circular Std Bold
NameArray:0,Win,1,Circular Std Bold
NameArray:0,Win,16,Circular Std
%EndFont

%BeginFont
Handler:DirectoryHandler
FontType:Type1
FontName:MinionPro-Regular
FamilyName:Minion Pro
StyleName:Regular
MenuName:Minion Pro
StyleBits:0
WeightClass:400
WidthClass:5
AngleClass:0
FullName:Minion Pro
WritingScript:Roman
OutlineFileName:\MinionPro-Regular.otf
DataFormat:sfntData
UsesStandardEncoding:yes
isCFF:yes
hasSVG:no
FileLength:218640
FileModTime:1478793692
DesignSize:110
NameArray:0,Mac,4,Minion Pro
NameArray:0,Win,1,Minion Pro
%EndFont

